easeui/build/outputs/logs/manifest-merger-debug-report.txt
-- Merging decision tree log ---
manifest
ADDED from Eductaion_Student\easeui\AndroidManifest.xml:2:1-6:12
INJECTED from Eductaion_Student\easeui\AndroidManifest.xml:2:1-6:12
INJECTED from Eductaion_Student\easeui\AndroidManifest.xml:2:1-6:12
	package
		ADDED from Eductaion_Student\easeui\AndroidManifest.xml:3:5-35
		INJECTED from Eductaion_Student\easeui\AndroidManifest.xml
		INJECTED from Eductaion_Student\easeui\AndroidManifest.xml
	xmlns:android
		ADDED from Eductaion_Student\easeui\AndroidManifest.xml:2:11-69
uses-sdk
INJECTED from Eductaion_Student\easeui\AndroidManifest.xml reason: use-sdk injection requested
INJECTED from Eductaion_Student\easeui\AndroidManifest.xml
INJECTED from Eductaion_Student\easeui\AndroidManifest.xml
INJECTED from Eductaion_Student\easeui\AndroidManifest.xml
INJECTED from Eductaion_Student\easeui\AndroidManifest.xml
	android:targetSdkVersion
		INJECTED from Eductaion_Student\easeui\AndroidManifest.xml
		ADDED from Eductaion_Student\easeui\AndroidManifest.xml
		INJECTED from Eductaion_Student\easeui\AndroidManifest.xml
	android:minSdkVersion
		INJECTED from Eductaion_Student\easeui\AndroidManifest.xml
		ADDED from Eductaion_Student\easeui\AndroidManifest.xml
		INJECTED from Eductaion_Student\easeui\AndroidManifest.xml